<?xml version="1.0" encoding="UTF-8"?>
<!-- Generated by org.testng.reporters.JUnitReportReporter -->
<testsuite skipped="0" hostname="197nodnb22124" name="com.insurance.scripts.InsSelectionTest" tests="3" failures="0" timestamp="21 Jun 2019 12:57:54 GMT" time="43.714" errors="0">
  <testcase name="chooseInsurance1" time="16.761" classname="com.insurance.scripts.InsSelectionTest"/>
  <testcase name="chooseInsurance2" time="8.110" classname="com.insurance.scripts.InsSelectionTest"/>
  <testcase name="chooseInsurance4" time="18.843" classname="com.insurance.scripts.InsSelectionTest"/>
</testsuite> <!-- com.insurance.scripts.InsSelectionTest -->
